<?xml version="1.0" encoding="UTF-8"?>
<!-- Generated by org.testng.reporters.JUnitXMLReporter -->
<testsuite ignored="0" hostname="LAPTOP-8UUCJB38" failures="1" tests="3" name="Error Validations Test" time="29.977" errors="0" timestamp="2024-03-21T17:43:26 EET">
  <testcase classname="frameworkMD.tests.ErrorValidationsTest" name="LoginErrorValidation" time="0.515">
    <skipped/>
  </testcase> <!-- LoginErrorValidation -->
  <testcase classname="frameworkMD.tests.ErrorValidationsTest" name="LoginErrorValidation" time="1.067">
    <failure type="java.lang.AssertionError" message="expected [Incorrect email or password.] but found [Incorrect emai or password.]">
      <![CDATA[java.lang.AssertionError: expected [Incorrect email or password.] but found [Incorrect emai or password.]
at frameworkMD.tests.ErrorValidationsTest.LoginErrorValidation(ErrorValidationsTest.java:17)
at java.base/java.util.ArrayList.forEach(ArrayList.java:1511)
at java.base/java.util.concurrent.FutureTask.run(FutureTask.java:264)
at java.base/java.util.concurrent.ThreadPoolExecutor.runWorker(ThreadPoolExecutor.java:1136)
at java.base/java.util.concurrent.ThreadPoolExecutor$Worker.run(ThreadPoolExecutor.java:635)
at java.base/java.lang.Thread.run(Thread.java:842)
... Removed 24 stack frames]]>
    </failure>
  </testcase> <!-- LoginErrorValidation -->
  <testcase classname="frameworkMD.tests.ErrorValidationsTest" name="ProductErrorValidation" time="13.431"/>
</testsuite> <!-- Error Validations Test -->
