<?xml version="1.0" encoding="UTF-8"?>
<!-- Generated by org.testng.reporters.JUnitXMLReporter -->
<testsuite ignored="0" hostname="LAPTOP-8UUCJB38" failures="0" tests="3" name="Submit Order Test" time="41.733" errors="0" timestamp="2024-03-21T17:43:38 EET">
  <testcase classname="frameworkMD.tests.SubmitOrderTest" name="submitOrder" time="11.99"/>
  <testcase classname="frameworkMD.tests.SubmitOrderTest" name="submitOrder" time="11.042"/>
  <testcase classname="frameworkMD.tests.SubmitOrderTest" name="OrderHistoryTest" time="0.943"/>
</testsuite> <!-- Submit Order Test -->
